{
  "RSpec": {
    "coverage": {
      "/Users/alec/Projects/makers-course/afternoon-challenges/Makersbnb/app.rb": {
        "lines": [
          1,
          1,
          1,
          1,
          1,
          1,
          1,
          null,
          1,
          1,
          0,
          null,
          null,
          1,
          1,
          null,
          1,
          11,
          null,
          null,
          1,
          2,
          null,
          null,
          1,
          7,
          null,
          null,
          1,
          1,
          1,
          1,
          null,
          null,
          1,
          1,
          null,
          null,
          1,
          1,
          null,
          null,
          1,
          4,
          2,
          2,
          2,
          1,
          null,
          1,
          null,
          2,
          null,
          null
        ]
      },
      "/Users/alec/Projects/makers-course/afternoon-challenges/Makersbnb/database_setup.rb": {
        "lines": [
          1,
          null,
          1,
          1,
          null,
          0,
          null,
          null,
          1,
          16,
          16,
          16,
          16,
          16,
          16,
          16,
          16,
          16,
          16,
          16,
          16,
          null
        ]
      },
      "/Users/alec/Projects/makers-course/afternoon-challenges/Makersbnb/lib/database_connection.rb": {
        "lines": [
          1,
          null,
          1,
          1,
          20,
          null,
          null,
          1,
          1,
          null,
          null,
          1,
          191,
          null,
          null
        ]
      },
      "/Users/alec/Projects/makers-course/afternoon-challenges/Makersbnb/lib/user.rb": {
        "lines": [
          null,
          1,
          null,
          1,
          1,
          null,
          null,
          null,
          1,
          5,
          5,
          null,
          null,
          1,
          4,
          4,
          null,
          null,
          1,
          2,
          null,
          null,
          null
        ]
      },
      "/Users/alec/Projects/makers-course/afternoon-challenges/Makersbnb/lib/listing.rb": {
        "lines": [
          1,
          null,
          1,
          null,
          1,
          null,
          1,
          9,
          9,
          null,
          null,
          1,
          3,
          12,
          null,
          null,
          1,
          4,
          null,
          null,
          null
        ]
      },
      "/Users/alec/Projects/makers-course/afternoon-challenges/Makersbnb/spec/web_helpers.rb": {
        "lines": [
          1,
          4,
          4,
          4,
          4,
          4,
          null,
          null,
          1,
          1,
          1,
          1,
          1,
          1,
          1,
          1,
          null
        ]
      },
      "/Users/alec/Projects/makers-course/afternoon-challenges/Makersbnb/spec/features/homepage_spec.rb": {
        "lines": [
          1,
          1,
          1,
          1,
          1,
          1,
          null,
          null,
          1,
          1,
          1,
          1,
          null,
          null,
          1,
          1,
          1,
          1,
          null,
          null
        ]
      },
      "/Users/alec/Projects/makers-course/afternoon-challenges/Makersbnb/spec/features/login_spec.rb": {
        "lines": [
          1,
          null,
          1,
          1,
          1,
          null,
          null,
          1,
          1,
          1,
          1,
          1,
          null,
          null,
          1,
          1,
          1,
          null,
          null,
          1,
          1,
          1,
          null,
          null,
          null
        ]
      },
      "/Users/alec/Projects/makers-course/afternoon-challenges/Makersbnb/spec/features/new_listing_spec.rb": {
        "lines": [
          1,
          1,
          0,
          0,
          0,
          0,
          0,
          0,
          0,
          null,
          0,
          null,
          null
        ]
      },
      "/Users/alec/Projects/makers-course/afternoon-challenges/Makersbnb/spec/features/signing_up_spec.rb": {
        "lines": [
          1,
          null,
          1,
          1,
          1,
          0,
          0,
          null,
          null
        ]
      },
      "/Users/alec/Projects/makers-course/afternoon-challenges/Makersbnb/spec/features/view_listings_spec.rb": {
        "lines": [
          null,
          1,
          1,
          1,
          1,
          1,
          1,
          1,
          1,
          null,
          null,
          null,
          null,
          null,
          null
        ]
      },
      "/Users/alec/Projects/makers-course/afternoon-challenges/Makersbnb/spec/unit/database_connection_spec.rb": {
        "lines": [
          1,
          null,
          1,
          1,
          1,
          1,
          1,
          null,
          null,
          null,
          1,
          1,
          1,
          null,
          null,
          1,
          1,
          1,
          1,
          1,
          null,
          null,
          null
        ]
      },
      "/Users/alec/Projects/makers-course/afternoon-challenges/Makersbnb/spec/unit/listing_spec.rb": {
        "lines": [
          1,
          null,
          1,
          1,
          1,
          1,
          1,
          1,
          1,
          null,
          null,
          null,
          null,
          null,
          null
        ]
      },
      "/Users/alec/Projects/makers-course/afternoon-challenges/Makersbnb/spec/unit/user_spec.rb": {
        "lines": [
          1,
          null,
          1,
          null,
          1,
          1,
          1,
          null,
          null,
          null,
          1,
          1,
          1,
          1,
          null,
          null,
          null,
          1,
          1,
          1,
          1,
          null,
          null,
          null
        ]
      }
    },
    "timestamp": 1617268943
  }
}
