{
  "RSpec": {
    "coverage": {
      "/Users/inbarvernia/Projects/Makersbnb/app.rb": {
        "lines": [
          1,
          1,
          1,
          1,
          null,
          1,
          1,
          0,
          null,
          null,
          1,
          1,
          null,
          1,
          3,
          null,
          null,
          1,
          3,
          null,
          null
        ]
      },
      "/Users/inbarvernia/Projects/Makersbnb/database_setup.rb": {
        "lines": [
          1,
          null,
          1,
          1,
          null,
          0,
          null,
          null,
          1,
          6,
          6,
          6,
          6,
          6,
          6,
          6,
          6,
          6,
          6,
          6,
          6,
          null
        ]
      },
      "/Users/inbarvernia/Projects/Makersbnb/lib/database_connection.rb": {
        "lines": [
          1,
          null,
          1,
          1,
          10,
          null,
          null,
          1,
          1,
          null,
          null,
          1,
          67,
          null,
          null
        ]
      },
      "/Users/inbarvernia/Projects/Makersbnb/spec/features/homepage_spec.rb": {
        "lines": [
          1,
          1,
          1,
          1,
          1,
          1,
          null,
          null,
          1,
          1,
          1,
          1,
          null,
          null
        ]
      },
      "/Users/inbarvernia/Projects/Makersbnb/spec/features/signing_up_spec.rb": {
        "lines": [
          1,
          1,
          1,
          1,
          1,
          1,
          1,
          1,
          1,
          null,
          null
        ]
      },
      "/Users/inbarvernia/Projects/Makersbnb/spec/unit/database_connection_spec.rb": {
        "lines": [
          1,
          null,
          1,
          1,
          1,
          1,
          1,
          null,
          null,
          null,
          1,
          1,
          1,
          null,
          null,
          1,
          1,
          1,
          1,
          1,
          null,
          null,
          null
        ]
      },
      "/Users/inbarvernia/Projects/Makersbnb/spec/unit/listing_spec.rb": {
        "lines": [

        ]
      },
      "/Users/inbarvernia/Projects/Makersbnb/spec/unit/user_spec.rb": {
        "lines": [

        ]
      }
    },
    "timestamp": 1617103720
  }
}
